2026-05-15 22:21:08 [main] INFO  org.example.Main - ========== Запуск Flower Boutique ==========
2026-05-15 22:21:08 [JavaFX-Launcher] INFO  org.example.gui.MainApp - Ініціалізація додатку.
2026-05-15 22:21:09 [JavaFX-Launcher] DEBUG org.example.dao.DatabaseManager - Таблиця flowers перевірена/створена.
2026-05-15 22:21:09 [JavaFX-Launcher] INFO  org.example.dao.DatabaseManager - DatabaseManager ініціалізовано. БД: jdbc:sqlite:boutique.db
2026-05-15 22:21:09 [JavaFX-Launcher] DEBUG org.example.dao.DatabaseManager - Отримано 12 квітів з БД.
2026-05-15 22:21:09 [JavaFX Application Thread] INFO  org.example.gui.MainApp - Побудова головного вікна.
2026-05-15 22:21:09 [JavaFX Application Thread] DEBUG org.example.dao.DatabaseManager - Отримано 12 квітів з БД.
2026-05-15 22:21:10 [JavaFX Application Thread] INFO  org.example.gui.MainApp - Головне вікно відображено.
2026-05-15 22:21:27 [main] INFO  org.example.Main - ========== Запуск Flower Boutique ==========
2026-05-15 22:21:27 [JavaFX-Launcher] INFO  org.example.gui.MainApp - Ініціалізація додатку.
2026-05-15 22:21:27 [JavaFX-Launcher] DEBUG org.example.dao.DatabaseManager - Таблиця flowers перевірена/створена.
2026-05-15 22:21:27 [JavaFX-Launcher] INFO  org.example.dao.DatabaseManager - DatabaseManager ініціалізовано. БД: jdbc:sqlite:boutique.db
2026-05-15 22:21:27 [JavaFX-Launcher] DEBUG org.example.dao.DatabaseManager - Отримано 0 квітів з БД.
2026-05-15 22:21:27 [JavaFX-Launcher] INFO  org.example.gui.MainApp - БД порожня — завантажуємо стартовий асортимент.
2026-05-15 22:21:27 [JavaFX-Launcher] INFO  org.example.dao.DatabaseManager - Квітку 'Троянда' додано до БД.
2026-05-15 22:21:27 [JavaFX-Launcher] INFO  org.example.dao.DatabaseManager - Квітку 'Троянда' додано до БД.
2026-05-15 22:21:27 [JavaFX-Launcher] INFO  org.example.dao.DatabaseManager - Квітку 'Тюльпан' додано до БД.
2026-05-15 22:21:27 [JavaFX-Launcher] INFO  org.example.dao.DatabaseManager - Квітку 'Тюльпан' додано до БД.
2026-05-15 22:21:27 [JavaFX-Launcher] INFO  org.example.dao.DatabaseManager - Квітку 'Лілія' додано до БД.
2026-05-15 22:21:27 [JavaFX-Launcher] INFO  org.example.dao.DatabaseManager - Квітку 'Лілія' додано до БД.
2026-05-15 22:21:27 [JavaFX-Launcher] INFO  org.example.dao.DatabaseManager - Квітку 'Хризантема' додано до БД.
2026-05-15 22:21:27 [JavaFX-Launcher] INFO  org.example.dao.DatabaseManager - Квітку 'Хризантема' додано до БД.
2026-05-15 22:21:27 [JavaFX-Launcher] INFO  org.example.dao.DatabaseManager - Квітку 'Орхідея' додано до БД.
2026-05-15 22:21:27 [JavaFX-Launcher] INFO  org.example.dao.DatabaseManager - Квітку 'Орхідея' додано до БД.
2026-05-15 22:21:27 [JavaFX-Launcher] INFO  org.example.dao.DatabaseManager - Квітку 'Соняшник' додано до БД.
2026-05-15 22:21:27 [JavaFX-Launcher] INFO  org.example.dao.DatabaseManager - Квітку 'Соняшник' додано до БД.
2026-05-15 22:21:28 [JavaFX Application Thread] INFO  org.example.gui.MainApp - Побудова головного вікна.
2026-05-15 22:21:28 [JavaFX Application Thread] DEBUG org.example.dao.DatabaseManager - Отримано 12 квітів з БД.
2026-05-15 22:21:28 [JavaFX Application Thread] INFO  org.example.gui.MainApp - Головне вікно відображено.
2026-05-15 22:21:45 [JavaFX Application Thread] INFO  org.example.dao.DatabaseManager - Склад 'Орхідея': 5 шт.
2026-05-15 22:21:45 [JavaFX Application Thread] INFO  org.example.services.BouquetService - Додано 'Орхідея' до букета. Залишок: 5 шт.
2026-05-15 22:21:46 [JavaFX Application Thread] INFO  org.example.dao.DatabaseManager - Склад 'Орхідея': 4 шт.
2026-05-15 22:21:46 [JavaFX Application Thread] INFO  org.example.services.BouquetService - Додано 'Орхідея' до букета. Залишок: 4 шт.
2026-05-15 22:21:46 [JavaFX Application Thread] INFO  org.example.dao.DatabaseManager - Склад 'Орхідея': 3 шт.
2026-05-15 22:21:46 [JavaFX Application Thread] INFO  org.example.services.BouquetService - Додано 'Орхідея' до букета. Залишок: 3 шт.
2026-05-15 22:21:46 [JavaFX Application Thread] INFO  org.example.dao.DatabaseManager - Склад 'Орхідея': 2 шт.
2026-05-15 22:21:46 [JavaFX Application Thread] INFO  org.example.services.BouquetService - Додано 'Орхідея' до букета. Залишок: 2 шт.
2026-05-15 22:21:46 [JavaFX Application Thread] INFO  org.example.dao.DatabaseManager - Склад 'Орхідея': 1 шт.
2026-05-15 22:21:46 [JavaFX Application Thread] INFO  org.example.services.BouquetService - Додано 'Орхідея' до букета. Залишок: 1 шт.
2026-05-15 22:21:47 [JavaFX Application Thread] INFO  org.example.dao.DatabaseManager - Склад 'Орхідея': 0 шт.
2026-05-15 22:21:47 [JavaFX Application Thread] INFO  org.example.services.BouquetService - Додано 'Орхідея' до букета. Залишок: 0 шт.
2026-05-15 22:21:49 [JavaFX Application Thread] DEBUG org.example.gui.MainApp - Вибрана квітка: Орхідея
2026-05-15 22:21:50 [JavaFX Application Thread] INFO  org.example.dao.DatabaseManager - Склад 'Орхідея': 1 шт.
2026-05-15 22:21:50 [JavaFX Application Thread] INFO  org.example.services.BouquetService - Видалено 'Орхідея' з букета. Залишок: 1 шт.
2026-05-15 22:21:51 [JavaFX Application Thread] DEBUG org.example.gui.MainApp - Вибрана квітка: Орхідея
2026-05-15 22:21:52 [JavaFX Application Thread] INFO  org.example.dao.DatabaseManager - Склад 'Орхідея': 2 шт.
2026-05-15 22:21:52 [JavaFX Application Thread] INFO  org.example.services.BouquetService - Видалено 'Орхідея' з букета. Залишок: 2 шт.
2026-05-15 22:21:54 [JavaFX Application Thread] DEBUG org.example.gui.MainApp - Вибрана квітка: Орхідея
2026-05-15 22:21:55 [JavaFX Application Thread] INFO  org.example.dao.DatabaseManager - Склад 'Орхідея': 3 шт.
2026-05-15 22:21:55 [JavaFX Application Thread] INFO  org.example.services.BouquetService - Видалено 'Орхідея' з букета. Залишок: 3 шт.
2026-05-15 22:21:55 [JavaFX Application Thread] DEBUG org.example.gui.MainApp - Вибрана квітка: Орхідея
2026-05-15 22:21:56 [JavaFX Application Thread] INFO  org.example.dao.DatabaseManager - Склад 'Орхідея': 4 шт.
2026-05-15 22:21:56 [JavaFX Application Thread] INFO  org.example.services.BouquetService - Видалено 'Орхідея' з букета. Залишок: 4 шт.
2026-05-15 22:21:57 [JavaFX Application Thread] DEBUG org.example.gui.MainApp - Вибрана квітка: Орхідея
2026-05-15 22:21:58 [JavaFX Application Thread] INFO  org.example.dao.DatabaseManager - Склад 'Орхідея': 5 шт.
2026-05-15 22:21:58 [JavaFX Application Thread] INFO  org.example.services.BouquetService - Видалено 'Орхідея' з букета. Залишок: 5 шт.
2026-05-15 22:21:58 [JavaFX Application Thread] DEBUG org.example.gui.MainApp - Вибрана квітка: Орхідея
2026-05-15 22:21:59 [JavaFX Application Thread] INFO  org.example.dao.DatabaseManager - Склад 'Орхідея': 6 шт.
2026-05-15 22:21:59 [JavaFX Application Thread] INFO  org.example.services.BouquetService - Видалено 'Орхідея' з букета. Залишок: 6 шт.
2026-05-15 22:22:41 [main] INFO  org.example.Main - ========== Запуск Flower Boutique ==========
2026-05-15 22:22:41 [JavaFX-Launcher] INFO  org.example.gui.MainApp - Ініціалізація додатку.
2026-05-15 22:22:42 [JavaFX-Launcher] DEBUG org.example.dao.DatabaseManager - Таблиця flowers перевірена/створена.
2026-05-15 22:22:42 [JavaFX-Launcher] INFO  org.example.dao.DatabaseManager - DatabaseManager ініціалізовано. БД: jdbc:sqlite:boutique.db
2026-05-15 22:22:42 [JavaFX-Launcher] DEBUG org.example.dao.DatabaseManager - Отримано 12 квітів з БД.
2026-05-15 22:22:42 [JavaFX Application Thread] INFO  org.example.gui.MainApp - Побудова головного вікна.
2026-05-15 22:22:42 [JavaFX Application Thread] DEBUG org.example.dao.DatabaseManager - Отримано 12 квітів з БД.
2026-05-15 22:22:43 [JavaFX Application Thread] INFO  org.example.gui.MainApp - Головне вікно відображено.
2026-05-15 22:24:19 [main] INFO  org.example.Main - ========== Запуск Flower Boutique ==========
2026-05-15 22:24:20 [JavaFX-Launcher] INFO  org.example.gui.MainApp - Ініціалізація додатку.
2026-05-15 22:24:20 [JavaFX-Launcher] DEBUG org.example.dao.DatabaseManager - Таблиця flowers перевірена/створена.
2026-05-15 22:24:20 [JavaFX-Launcher] INFO  org.example.dao.DatabaseManager - DatabaseManager ініціалізовано. БД: jdbc:sqlite:boutique.db
2026-05-15 22:24:20 [JavaFX-Launcher] DEBUG org.example.dao.DatabaseManager - Отримано 12 квітів з БД.
2026-05-15 22:24:20 [JavaFX Application Thread] INFO  org.example.gui.MainApp - Побудова головного вікна.
2026-05-15 22:24:20 [JavaFX Application Thread] DEBUG org.example.dao.DatabaseManager - Отримано 12 квітів з БД.
2026-05-15 22:24:21 [JavaFX Application Thread] INFO  org.example.gui.MainApp - Головне вікно відображено.
2026-05-15 22:36:23 [main] INFO  org.example.Main - ========== Запуск Flower Boutique ==========
2026-05-15 22:36:24 [JavaFX-Launcher] INFO  org.example.gui.MainApp - Ініціалізація додатку.
2026-05-15 22:36:24 [JavaFX-Launcher] DEBUG org.example.dao.DatabaseManager - Таблиця flowers перевірена/створена.
2026-05-15 22:36:24 [JavaFX-Launcher] INFO  org.example.dao.DatabaseManager - DatabaseManager ініціалізовано. БД: jdbc:sqlite:boutique.db
2026-05-15 22:36:24 [JavaFX-Launcher] DEBUG org.example.dao.DatabaseManager - Отримано 12 квітів з БД.
2026-05-15 22:36:24 [JavaFX Application Thread] INFO  org.example.gui.MainApp - Побудова головного вікна.
2026-05-15 22:36:24 [JavaFX Application Thread] DEBUG org.example.dao.DatabaseManager - Отримано 12 квітів з БД.
2026-05-15 22:37:44 [main] INFO  org.example.Main - ========== Запуск Flower Boutique ==========
2026-05-15 22:37:44 [JavaFX-Launcher] INFO  org.example.gui.MainApp - Ініціалізація додатку.
2026-05-15 22:37:45 [JavaFX-Launcher] DEBUG org.example.dao.DatabaseManager - Таблиця flowers перевірена/створена.
2026-05-15 22:37:45 [JavaFX-Launcher] INFO  org.example.dao.DatabaseManager - DatabaseManager ініціалізовано. БД: jdbc:sqlite:boutique.db
2026-05-15 22:37:45 [JavaFX-Launcher] DEBUG org.example.dao.DatabaseManager - Отримано 12 квітів з БД.
2026-05-15 22:37:45 [JavaFX Application Thread] INFO  org.example.gui.MainApp - Побудова головного вікна.
2026-05-15 22:37:45 [JavaFX Application Thread] DEBUG org.example.dao.DatabaseManager - Отримано 12 квітів з БД.
2026-05-15 22:37:46 [JavaFX Application Thread] INFO  org.example.gui.MainApp - Головне вікно відображено.
2026-05-15 22:37:51 [JavaFX Application Thread] INFO  org.example.dao.DatabaseManager - Склад 'Лілія': 11 шт.
2026-05-15 22:37:51 [JavaFX Application Thread] INFO  org.example.services.BouquetService - Додано 'Лілія' до букета. Залишок: 11 шт.
2026-05-15 22:38:05 [JavaFX Application Thread] DEBUG org.example.gui.MainApp - Вибрана квітка: Лілія
2026-05-15 22:38:06 [JavaFX Application Thread] INFO  org.example.dao.DatabaseManager - Склад 'Лілія': 12 шт.
2026-05-15 22:38:06 [JavaFX Application Thread] INFO  org.example.services.BouquetService - Видалено 'Лілія' з букета. Залишок: 12 шт.
2026-05-15 22:38:20 [main] INFO  org.example.Main - ========== Запуск Flower Boutique ==========
2026-05-15 22:38:20 [JavaFX-Launcher] INFO  org.example.gui.MainApp - Ініціалізація додатку.
2026-05-15 22:38:20 [JavaFX-Launcher] DEBUG org.example.dao.DatabaseManager - Таблиця flowers перевірена/створена.
2026-05-15 22:38:20 [JavaFX-Launcher] INFO  org.example.dao.DatabaseManager - DatabaseManager ініціалізовано. БД: jdbc:sqlite:boutique.db
2026-05-15 22:38:20 [JavaFX-Launcher] DEBUG org.example.dao.DatabaseManager - Отримано 12 квітів з БД.
2026-05-15 22:38:20 [JavaFX Application Thread] INFO  org.example.gui.MainApp - Побудова головного вікна.
2026-05-15 22:38:21 [JavaFX Application Thread] DEBUG org.example.dao.DatabaseManager - Отримано 12 квітів з БД.
2026-05-15 22:38:28 [JavaFX Application Thread] INFO  org.example.dao.DatabaseManager - Склад 'Лілія': 11 шт.
2026-05-15 22:38:28 [JavaFX Application Thread] INFO  org.example.services.BouquetService - Додано 'Лілія' до букета. Залишок: 11 шт.
2026-05-15 22:38:40 [JavaFX Application Thread] INFO  org.example.dao.DatabaseManager - Склад 'Лілія': 12 шт.
2026-05-15 22:38:40 [JavaFX Application Thread] INFO  org.example.services.BouquetService - Видалено 'Лілія' з букета. Залишок: 12 шт.
2026-05-15 22:39:01 [main] INFO  org.example.Main - ========== Запуск Flower Boutique ==========
2026-05-15 22:39:02 [JavaFX-Launcher] INFO  org.example.gui.MainApp - Ініціалізація додатку.
2026-05-15 22:39:02 [JavaFX-Launcher] DEBUG org.example.dao.DatabaseManager - Таблиця flowers перевірена/створена.
2026-05-15 22:39:02 [JavaFX-Launcher] INFO  org.example.dao.DatabaseManager - DatabaseManager ініціалізовано. БД: jdbc:sqlite:boutique.db
2026-05-15 22:39:02 [JavaFX-Launcher] DEBUG org.example.dao.DatabaseManager - Отримано 12 квітів з БД.
2026-05-15 22:39:02 [JavaFX Application Thread] INFO  org.example.gui.MainApp - Побудова головного вікна.
2026-05-15 22:39:02 [JavaFX Application Thread] DEBUG org.example.dao.DatabaseManager - Отримано 12 квітів з БД.
2026-05-15 22:39:03 [JavaFX Application Thread] INFO  org.example.gui.MainApp - Головне вікно відображено.
2026-05-15 22:40:10 [main] INFO  org.example.Main - ========== Запуск Flower Boutique ==========
2026-05-15 22:40:11 [JavaFX-Launcher] INFO  org.example.gui.MainApp - Ініціалізація додатку.
2026-05-15 22:40:11 [JavaFX-Launcher] DEBUG org.example.dao.DatabaseManager - Таблиця flowers перевірена/створена.
2026-05-15 22:40:11 [JavaFX-Launcher] INFO  org.example.dao.DatabaseManager - DatabaseManager ініціалізовано. БД: jdbc:sqlite:boutique.db
2026-05-15 22:40:11 [JavaFX-Launcher] DEBUG org.example.dao.DatabaseManager - Отримано 12 квітів з БД.
2026-05-15 22:40:11 [JavaFX Application Thread] INFO  org.example.gui.MainApp - Побудова головного вікна.
2026-05-15 22:40:11 [JavaFX Application Thread] DEBUG org.example.dao.DatabaseManager - Отримано 12 квітів з БД.
2026-05-15 22:40:25 [JavaFX Application Thread] INFO  org.example.dao.DatabaseManager - Склад 'Лілія': 11 шт.
2026-05-15 22:40:25 [JavaFX Application Thread] INFO  org.example.services.BouquetService - Додано 'Лілія' до букета. Залишок: 11 шт.
2026-05-15 22:40:31 [JavaFX Application Thread] INFO  org.example.dao.DatabaseManager - Склад 'Лілія': 12 шт.
2026-05-15 22:40:31 [JavaFX Application Thread] INFO  org.example.services.BouquetService - Видалено 'Лілія' з букета. Залишок: 12 шт.
2026-05-15 22:43:11 [main] INFO  org.example.Main - ========== Запуск Flower Boutique ==========
2026-05-15 22:43:11 [JavaFX-Launcher] INFO  org.example.gui.MainApp - Ініціалізація додатку.
2026-05-15 22:43:11 [JavaFX-Launcher] DEBUG org.example.dao.DatabaseManager - Таблиця flowers перевірена/створена.
2026-05-15 22:43:11 [JavaFX-Launcher] INFO  org.example.dao.DatabaseManager - DatabaseManager ініціалізовано. БД: jdbc:sqlite:boutique.db
2026-05-15 22:43:11 [JavaFX-Launcher] DEBUG org.example.dao.DatabaseManager - Отримано 12 квітів з БД.
2026-05-15 22:43:12 [JavaFX Application Thread] INFO  org.example.gui.MainApp - Побудова головного вікна.
2026-05-15 22:43:12 [JavaFX Application Thread] DEBUG org.example.dao.DatabaseManager - Отримано 12 квітів з БД.
2026-05-15 22:44:57 [main] INFO  org.example.Main - ========== Запуск Flower Boutique ==========
2026-05-15 22:44:58 [JavaFX-Launcher] INFO  org.example.gui.MainApp - Ініціалізація додатку.
2026-05-15 22:44:58 [JavaFX-Launcher] DEBUG org.example.dao.DatabaseManager - Таблиця flowers перевірена/створена.
2026-05-15 22:44:58 [JavaFX-Launcher] INFO  org.example.dao.DatabaseManager - DatabaseManager ініціалізовано. БД: jdbc:sqlite:boutique.db
2026-05-15 22:44:58 [JavaFX-Launcher] DEBUG org.example.dao.DatabaseManager - Отримано 12 квітів з БД.
2026-05-15 22:44:58 [JavaFX Application Thread] INFO  org.example.gui.MainApp - Побудова головного вікна.
2026-05-15 22:44:58 [JavaFX Application Thread] DEBUG org.example.dao.DatabaseManager - Отримано 12 квітів з БД.
2026-05-15 22:46:17 [JavaFX Application Thread] INFO  org.example.dao.DatabaseManager - Склад 'Орхідея': 9 шт.
2026-05-15 22:46:17 [JavaFX Application Thread] INFO  org.example.services.BouquetService - Додано 'Орхідея' до букета. Залишок: 9 шт.
2026-05-15 22:46:21 [JavaFX Application Thread] INFO  org.example.dao.DatabaseManager - Склад 'Орхідея': 10 шт.
2026-05-15 22:46:21 [JavaFX Application Thread] INFO  org.example.services.BouquetService - Видалено 'Орхідея' з букета. Залишок: 10 шт.
2026-05-15 22:47:16 [main] INFO  org.example.Main - ========== Запуск Flower Boutique ==========
2026-05-15 22:47:16 [JavaFX-Launcher] INFO  org.example.gui.MainApp - Ініціалізація додатку.
2026-05-15 22:47:17 [JavaFX-Launcher] DEBUG org.example.dao.DatabaseManager - Таблиця flowers перевірена/створена.
2026-05-15 22:47:17 [JavaFX-Launcher] INFO  org.example.dao.DatabaseManager - DatabaseManager ініціалізовано. БД: jdbc:sqlite:boutique.db
2026-05-15 22:47:17 [JavaFX-Launcher] DEBUG org.example.dao.DatabaseManager - Отримано 12 квітів з БД.
2026-05-15 22:47:17 [JavaFX Application Thread] INFO  org.example.gui.MainApp - Побудова головного вікна.
2026-05-15 22:47:17 [JavaFX Application Thread] DEBUG org.example.dao.DatabaseManager - Отримано 12 квітів з БД.
2026-05-15 22:47:18 [JavaFX Application Thread] INFO  org.example.gui.MainApp - Головне вікно відображено.
2026-05-15 22:47:48 [JavaFX Application Thread] INFO  org.example.dao.DatabaseManager - Склад 'Троянда': 9 шт.
2026-05-15 22:47:48 [JavaFX Application Thread] INFO  org.example.services.BouquetService - Додано 'Троянда' до букета. Залишок: 9 шт.
2026-05-15 22:47:49 [JavaFX Application Thread] DEBUG org.example.gui.MainApp - Вибрана квітка: Троянда
2026-05-15 22:47:54 [JavaFX Application Thread] INFO  org.example.dao.DatabaseManager - Склад 'Троянда': 10 шт.
2026-05-15 22:47:54 [JavaFX Application Thread] INFO  org.example.services.BouquetService - Видалено 'Троянда' з букета. Залишок: 10 шт.
2026-05-15 22:58:23 [main] INFO  org.example.Main - ========== Запуск Flower Boutique ==========
2026-05-15 22:58:24 [JavaFX-Launcher] INFO  org.example.gui.MainApp - Ініціалізація додатку.
2026-05-15 22:58:24 [JavaFX-Launcher] DEBUG org.example.dao.DatabaseManager - Таблиця flowers перевірена/створена.
2026-05-15 22:58:24 [JavaFX-Launcher] INFO  org.example.dao.DatabaseManager - DatabaseManager ініціалізовано. БД: jdbc:sqlite:boutique.db
2026-05-15 22:58:24 [JavaFX-Launcher] DEBUG org.example.dao.DatabaseManager - Отримано 12 квітів з БД.
2026-05-15 22:58:24 [JavaFX Application Thread] INFO  org.example.gui.MainApp - Побудова головного вікна.
2026-05-15 22:58:24 [JavaFX Application Thread] DEBUG org.example.dao.DatabaseManager - Отримано 12 квітів з БД.
2026-05-15 22:58:25 [JavaFX Application Thread] INFO  org.example.gui.MainApp - Головне вікно відображено.
2026-05-15 22:58:35 [JavaFX Application Thread] INFO  org.example.dao.DatabaseManager - Склад 'Лілія': 11 шт.
2026-05-15 22:58:35 [JavaFX Application Thread] INFO  org.example.services.BouquetService - Додано 'Лілія' до букета. Залишок: 11 шт.
2026-05-15 22:58:36 [JavaFX Application Thread] DEBUG org.example.gui.MainApp - Вибрана квітка: Лілія
2026-05-15 22:58:54 [JavaFX Application Thread] DEBUG org.example.gui.MainApp - Вибрана квітка: Лілія
2026-05-15 22:58:56 [JavaFX Application Thread] INFO  org.example.dao.DatabaseManager - Склад 'Лілія': 12 шт.
2026-05-15 22:58:56 [JavaFX Application Thread] INFO  org.example.services.BouquetService - Видалено 'Лілія' з букета. Залишок: 12 шт.
2026-05-15 23:04:17 [main] INFO  org.example.Main - ========== Запуск Flower Boutique ==========
2026-05-15 23:04:18 [JavaFX-Launcher] INFO  org.example.gui.MainApp - Ініціалізація додатку.
2026-05-15 23:04:18 [JavaFX-Launcher] DEBUG org.example.dao.DatabaseManager - Таблиця flowers перевірена/створена.
2026-05-15 23:04:18 [JavaFX-Launcher] INFO  org.example.dao.DatabaseManager - DatabaseManager ініціалізовано. БД: jdbc:sqlite:boutique.db
2026-05-15 23:04:18 [JavaFX-Launcher] DEBUG org.example.dao.DatabaseManager - Отримано 12 квітів з БД.
2026-05-15 23:04:18 [JavaFX Application Thread] INFO  org.example.gui.MainApp - Побудова головного вікна.
2026-05-15 23:04:18 [JavaFX Application Thread] DEBUG org.example.dao.DatabaseManager - Отримано 12 квітів з БД.
2026-05-15 23:04:19 [JavaFX Application Thread] INFO  org.example.gui.MainApp - Головне вікно відображено.
2026-05-15 23:05:32 [main] INFO  org.example.Main - ========== Запуск Flower Boutique ==========
2026-05-15 23:05:33 [JavaFX-Launcher] INFO  org.example.gui.MainApp - Ініціалізація додатку.
2026-05-15 23:05:33 [JavaFX-Launcher] DEBUG org.example.dao.DatabaseManager - Таблиця flowers перевірена/створена.
2026-05-15 23:05:33 [JavaFX-Launcher] INFO  org.example.dao.DatabaseManager - DatabaseManager ініціалізовано. БД: jdbc:sqlite:boutique.db
2026-05-15 23:05:33 [JavaFX-Launcher] DEBUG org.example.dao.DatabaseManager - Отримано 12 квітів з БД.
2026-05-15 23:05:33 [JavaFX Application Thread] INFO  org.example.gui.MainApp - Побудова головного вікна.
2026-05-15 23:05:33 [JavaFX Application Thread] DEBUG org.example.dao.DatabaseManager - Отримано 12 квітів з БД.
2026-05-15 23:05:34 [JavaFX Application Thread] INFO  org.example.gui.MainApp - Головне вікно відображено.
2026-05-15 23:05:43 [JavaFX Application Thread] INFO  org.example.gui.MainApp - Аксесуар '🎀 Атласна стрічка' додано до букета.
2026-05-15 23:06:02 [main] INFO  org.example.Main - ========== Запуск Flower Boutique ==========
2026-05-15 23:06:02 [JavaFX-Launcher] INFO  org.example.gui.MainApp - Ініціалізація додатку.
2026-05-15 23:06:02 [JavaFX-Launcher] DEBUG org.example.dao.DatabaseManager - Таблиця flowers перевірена/створена.
2026-05-15 23:06:02 [JavaFX-Launcher] INFO  org.example.dao.DatabaseManager - DatabaseManager ініціалізовано. БД: jdbc:sqlite:boutique.db
2026-05-15 23:06:02 [JavaFX-Launcher] DEBUG org.example.dao.DatabaseManager - Отримано 12 квітів з БД.
2026-05-15 23:06:02 [JavaFX Application Thread] INFO  org.example.gui.MainApp - Побудова головного вікна.
2026-05-15 23:06:03 [JavaFX Application Thread] DEBUG org.example.dao.DatabaseManager - Отримано 12 квітів з БД.
2026-05-15 23:06:03 [JavaFX Application Thread] INFO  org.example.gui.MainApp - Головне вікно відображено.
2026-05-15 23:08:32 [main] INFO  org.example.Main - ========== Запуск Flower Boutique ==========
2026-05-15 23:08:32 [JavaFX-Launcher] INFO  org.example.gui.MainApp - Ініціалізація додатку.
2026-05-15 23:08:32 [JavaFX-Launcher] DEBUG org.example.dao.DatabaseManager - Таблиця flowers перевірена/створена.
2026-05-15 23:08:32 [JavaFX-Launcher] INFO  org.example.dao.DatabaseManager - DatabaseManager ініціалізовано. БД: jdbc:sqlite:boutique.db
2026-05-15 23:08:32 [JavaFX-Launcher] DEBUG org.example.dao.DatabaseManager - Отримано 12 квітів з БД.
2026-05-15 23:08:32 [JavaFX Application Thread] INFO  org.example.gui.MainApp - Побудова головного вікна.
2026-05-15 23:08:33 [JavaFX Application Thread] DEBUG org.example.dao.DatabaseManager - Отримано 12 квітів з БД.
2026-05-15 23:08:34 [JavaFX Application Thread] INFO  org.example.gui.MainApp - Головне вікно відображено.
2026-05-15 23:09:19 [main] INFO  org.example.Main - ========== Запуск Flower Boutique ==========
2026-05-15 23:09:20 [JavaFX-Launcher] INFO  org.example.gui.MainApp - Ініціалізація додатку.
2026-05-15 23:09:20 [JavaFX-Launcher] DEBUG org.example.dao.DatabaseManager - Таблиця flowers перевірена/створена.
2026-05-15 23:09:20 [JavaFX-Launcher] INFO  org.example.dao.DatabaseManager - DatabaseManager ініціалізовано. БД: jdbc:sqlite:boutique.db
2026-05-15 23:09:20 [JavaFX-Launcher] DEBUG org.example.dao.DatabaseManager - Отримано 12 квітів з БД.
2026-05-15 23:09:20 [JavaFX Application Thread] INFO  org.example.gui.MainApp - Побудова головного вікна.
2026-05-15 23:09:20 [JavaFX Application Thread] DEBUG org.example.dao.DatabaseManager - Отримано 12 квітів з БД.
2026-05-15 23:09:21 [JavaFX Application Thread] INFO  org.example.gui.MainApp - Головне вікно відображено.
2026-05-15 23:10:18 [main] INFO  org.example.Main - ========== Запуск Flower Boutique ==========
2026-05-15 23:10:19 [JavaFX-Launcher] INFO  org.example.gui.MainApp - Ініціалізація додатку.
2026-05-15 23:10:19 [JavaFX-Launcher] DEBUG org.example.dao.DatabaseManager - Таблиця flowers перевірена/створена.
2026-05-15 23:10:19 [JavaFX-Launcher] INFO  org.example.dao.DatabaseManager - DatabaseManager ініціалізовано. БД: jdbc:sqlite:boutique.db
2026-05-15 23:10:19 [JavaFX-Launcher] DEBUG org.example.dao.DatabaseManager - Отримано 12 квітів з БД.
2026-05-15 23:10:19 [JavaFX Application Thread] INFO  org.example.gui.MainApp - Побудова головного вікна.
2026-05-15 23:10:19 [JavaFX Application Thread] DEBUG org.example.dao.DatabaseManager - Отримано 12 квітів з БД.
2026-05-15 23:10:20 [JavaFX Application Thread] INFO  org.example.gui.MainApp - Головне вікно відображено.
2026-05-15 23:11:55 [main] INFO  org.example.Main - ========== Запуск Flower Boutique ==========
2026-05-15 23:11:55 [JavaFX-Launcher] INFO  org.example.gui.MainApp - Ініціалізація додатку.
2026-05-15 23:11:55 [JavaFX-Launcher] DEBUG org.example.dao.DatabaseManager - Таблиця flowers перевірена/створена.
2026-05-15 23:11:55 [JavaFX-Launcher] INFO  org.example.dao.DatabaseManager - DatabaseManager ініціалізовано. БД: jdbc:sqlite:boutique.db
2026-05-15 23:11:55 [JavaFX-Launcher] DEBUG org.example.dao.DatabaseManager - Отримано 12 квітів з БД.
2026-05-15 23:11:55 [JavaFX Application Thread] INFO  org.example.gui.MainApp - Побудова головного вікна.
2026-05-15 23:11:56 [JavaFX Application Thread] DEBUG org.example.dao.DatabaseManager - Отримано 12 квітів з БД.
2026-05-15 23:11:56 [JavaFX Application Thread] INFO  org.example.gui.MainApp - Головне вікно відображено.
2026-05-15 23:12:55 [main] INFO  org.example.Main - ========== Запуск Flower Boutique ==========
2026-05-15 23:12:56 [JavaFX-Launcher] INFO  org.example.gui.MainApp - Ініціалізація додатку.
2026-05-15 23:12:56 [JavaFX-Launcher] DEBUG org.example.dao.DatabaseManager - Таблиця flowers перевірена/створена.
2026-05-15 23:12:56 [JavaFX-Launcher] INFO  org.example.dao.DatabaseManager - DatabaseManager ініціалізовано. БД: jdbc:sqlite:boutique.db
2026-05-15 23:12:56 [JavaFX-Launcher] DEBUG org.example.dao.DatabaseManager - Отримано 12 квітів з БД.
2026-05-15 23:12:56 [JavaFX Application Thread] INFO  org.example.gui.MainApp - Побудова головного вікна.
2026-05-15 23:12:56 [JavaFX Application Thread] DEBUG org.example.dao.DatabaseManager - Отримано 12 квітів з БД.
2026-05-15 23:12:57 [JavaFX Application Thread] INFO  org.example.gui.MainApp - Головне вікно відображено.
2026-05-15 23:13:19 [main] INFO  org.example.Main - ========== Запуск Flower Boutique ==========
2026-05-15 23:13:20 [JavaFX-Launcher] INFO  org.example.gui.MainApp - Ініціалізація додатку.
2026-05-15 23:13:20 [JavaFX-Launcher] DEBUG org.example.dao.DatabaseManager - Таблиця flowers перевірена/створена.
2026-05-15 23:13:20 [JavaFX-Launcher] INFO  org.example.dao.DatabaseManager - DatabaseManager ініціалізовано. БД: jdbc:sqlite:boutique.db
2026-05-15 23:13:20 [JavaFX-Launcher] DEBUG org.example.dao.DatabaseManager - Отримано 12 квітів з БД.
2026-05-15 23:13:20 [JavaFX Application Thread] INFO  org.example.gui.MainApp - Побудова головного вікна.
2026-05-15 23:13:20 [JavaFX Application Thread] DEBUG org.example.dao.DatabaseManager - Отримано 12 квітів з БД.
2026-05-15 23:13:21 [JavaFX Application Thread] INFO  org.example.gui.MainApp - Головне вікно відображено.
2026-05-15 23:13:55 [main] INFO  org.example.Main - ========== Запуск Flower Boutique ==========
2026-05-15 23:13:56 [JavaFX-Launcher] INFO  org.example.gui.MainApp - Ініціалізація додатку.
2026-05-15 23:13:56 [JavaFX-Launcher] DEBUG org.example.dao.DatabaseManager - Таблиця flowers перевірена/створена.
2026-05-15 23:13:56 [JavaFX-Launcher] INFO  org.example.dao.DatabaseManager - DatabaseManager ініціалізовано. БД: jdbc:sqlite:boutique.db
2026-05-15 23:13:56 [JavaFX-Launcher] DEBUG org.example.dao.DatabaseManager - Отримано 12 квітів з БД.
2026-05-15 23:13:56 [JavaFX Application Thread] INFO  org.example.gui.MainApp - Побудова головного вікна.
2026-05-15 23:13:56 [JavaFX Application Thread] DEBUG org.example.dao.DatabaseManager - Отримано 12 квітів з БД.
2026-05-15 23:13:57 [JavaFX Application Thread] INFO  org.example.gui.MainApp - Головне вікно відображено.
2026-05-15 23:14:20 [main] INFO  org.example.Main - ========== Запуск Flower Boutique ==========
2026-05-15 23:14:21 [JavaFX-Launcher] INFO  org.example.gui.MainApp - Ініціалізація додатку.
2026-05-15 23:14:21 [JavaFX-Launcher] DEBUG org.example.dao.DatabaseManager - Таблиця flowers перевірена/створена.
2026-05-15 23:14:21 [JavaFX-Launcher] INFO  org.example.dao.DatabaseManager - DatabaseManager ініціалізовано. БД: jdbc:sqlite:boutique.db
2026-05-15 23:14:21 [JavaFX-Launcher] DEBUG org.example.dao.DatabaseManager - Отримано 12 квітів з БД.
2026-05-15 23:14:21 [JavaFX Application Thread] INFO  org.example.gui.MainApp - Побудова головного вікна.
2026-05-15 23:14:21 [JavaFX Application Thread] DEBUG org.example.dao.DatabaseManager - Отримано 12 квітів з БД.
2026-05-15 23:14:22 [JavaFX Application Thread] INFO  org.example.gui.MainApp - Головне вікно відображено.
2026-05-15 23:14:46 [main] INFO  org.example.Main - ========== Запуск Flower Boutique ==========
2026-05-15 23:14:47 [JavaFX-Launcher] INFO  org.example.gui.MainApp - Ініціалізація додатку.
2026-05-15 23:14:47 [JavaFX-Launcher] DEBUG org.example.dao.DatabaseManager - Таблиця flowers перевірена/створена.
2026-05-15 23:14:47 [JavaFX-Launcher] INFO  org.example.dao.DatabaseManager - DatabaseManager ініціалізовано. БД: jdbc:sqlite:boutique.db
2026-05-15 23:14:47 [JavaFX-Launcher] DEBUG org.example.dao.DatabaseManager - Отримано 12 квітів з БД.
2026-05-15 23:14:47 [JavaFX Application Thread] INFO  org.example.gui.MainApp - Побудова головного вікна.
2026-05-15 23:14:47 [JavaFX Application Thread] DEBUG org.example.dao.DatabaseManager - Отримано 12 квітів з БД.
2026-05-15 23:14:48 [JavaFX Application Thread] INFO  org.example.gui.MainApp - Головне вікно відображено.
2026-05-15 23:15:12 [main] INFO  org.example.Main - ========== Запуск Flower Boutique ==========
2026-05-15 23:15:12 [JavaFX-Launcher] INFO  org.example.gui.MainApp - Ініціалізація додатку.
2026-05-15 23:15:12 [JavaFX-Launcher] DEBUG org.example.dao.DatabaseManager - Таблиця flowers перевірена/створена.
2026-05-15 23:15:12 [JavaFX-Launcher] INFO  org.example.dao.DatabaseManager - DatabaseManager ініціалізовано. БД: jdbc:sqlite:boutique.db
2026-05-15 23:15:12 [JavaFX-Launcher] DEBUG org.example.dao.DatabaseManager - Отримано 12 квітів з БД.
2026-05-15 23:15:12 [JavaFX Application Thread] INFO  org.example.gui.MainApp - Побудова головного вікна.
2026-05-15 23:15:12 [JavaFX Application Thread] DEBUG org.example.dao.DatabaseManager - Отримано 12 квітів з БД.
2026-05-15 23:15:13 [JavaFX Application Thread] INFO  org.example.gui.MainApp - Головне вікно відображено.
2026-05-15 23:15:17 [JavaFX Application Thread] INFO  org.example.gui.MainApp - Аксесуар '🎀 Атласна стрічка' додано до букета.
2026-05-15 23:15:19 [JavaFX Application Thread] INFO  org.example.gui.MainApp - Аксесуар '📦 Подарункова упаковка' додано до букета.
2026-05-15 23:15:19 [JavaFX Application Thread] INFO  org.example.gui.MainApp - Аксесуар '💌 Листівка' додано до букета.
2026-05-15 23:22:06 [main] INFO  org.example.Main - ========== Запуск Flower Boutique ==========
2026-05-15 23:22:07 [JavaFX-Launcher] INFO  org.example.gui.MainApp - Ініціалізація додатку.
2026-05-15 23:22:07 [JavaFX-Launcher] DEBUG org.example.dao.DatabaseManager - Таблиця flowers перевірена/створена.
2026-05-15 23:22:07 [JavaFX-Launcher] INFO  org.example.dao.DatabaseManager - DatabaseManager ініціалізовано. БД: jdbc:sqlite:boutique.db
2026-05-15 23:22:07 [JavaFX-Launcher] DEBUG org.example.dao.DatabaseManager - Отримано 12 квітів з БД.
2026-05-15 23:22:07 [JavaFX Application Thread] INFO  org.example.gui.MainApp - Побудова головного вікна.
2026-05-15 23:22:07 [JavaFX Application Thread] DEBUG org.example.dao.DatabaseManager - Отримано 12 квітів з БД.
2026-05-15 23:22:08 [JavaFX Application Thread] INFO  org.example.gui.MainApp - Головне вікно відображено.
2026-05-15 23:27:04 [main] INFO  org.example.Main - ========== Запуск Flower Boutique ==========
2026-05-15 23:27:04 [JavaFX-Launcher] INFO  org.example.gui.MainApp - Ініціалізація додатку.
2026-05-15 23:27:05 [JavaFX-Launcher] DEBUG org.example.dao.DatabaseManager - Таблиця flowers перевірена/створена.
2026-05-15 23:27:05 [JavaFX-Launcher] INFO  org.example.dao.DatabaseManager - DatabaseManager ініціалізовано. БД: jdbc:sqlite:boutique.db
2026-05-15 23:27:05 [JavaFX-Launcher] DEBUG org.example.dao.DatabaseManager - Отримано 12 квітів з БД.
2026-05-15 23:27:05 [JavaFX Application Thread] INFO  org.example.gui.MainApp - Побудова головного вікна.
2026-05-15 23:27:05 [JavaFX Application Thread] DEBUG org.example.dao.DatabaseManager - Отримано 12 квітів з БД.
2026-05-15 23:27:06 [JavaFX Application Thread] INFO  org.example.gui.MainApp - Головне вікно відображено.
2026-05-15 23:27:08 [JavaFX Application Thread] INFO  org.example.gui.MainApp - Аксесуар '📦 Подарункова упаковка' додано до букета.
2026-05-15 23:27:09 [JavaFX Application Thread] DEBUG org.example.gui.MainApp - Вибраний аксесуар: 📦 Подарункова упаковка
2026-05-15 23:27:11 [JavaFX Application Thread] INFO  org.example.gui.MainApp - Аксесуар '💌 Листівка' додано до букета.
2026-05-15 23:27:12 [JavaFX Application Thread] DEBUG org.example.gui.MainApp - Вибраний аксесуар: 💌 Листівка
2026-05-15 23:27:13 [JavaFX Application Thread] INFO  org.example.gui.MainApp - Аксесуар '🎀 Атласна стрічка' додано до букета.
2026-05-15 23:27:19 [JavaFX Application Thread] DEBUG org.example.gui.MainApp - Вибраний аксесуар: 🎀 Атласна стрічка
2026-05-15 23:27:22 [JavaFX Application Thread] DEBUG org.example.gui.MainApp - Вибраний аксесуар: 🎀 Атласна стрічка
2026-05-15 23:27:30 [JavaFX Application Thread] DEBUG org.example.gui.MainApp - Вибраний аксесуар: 📦 Подарункова упаковка
2026-05-15 23:27:33 [JavaFX Application Thread] DEBUG org.example.gui.MainApp - Вибраний аксесуар: 🎀 Атласна стрічка
2026-05-15 23:27:34 [JavaFX Application Thread] DEBUG org.example.gui.MainApp - Вибраний аксесуар: 🎀 Атласна стрічка
2026-05-15 23:27:39 [JavaFX Application Thread] DEBUG org.example.gui.MainApp - Вибраний аксесуар: 💌 Листівка
2026-05-15 23:27:41 [JavaFX Application Thread] DEBUG org.example.gui.MainApp - Вибраний аксесуар: 💌 Листівка
2026-05-15 23:27:45 [JavaFX Application Thread] DEBUG org.example.gui.MainApp - Вибраний аксесуар: 📦 Подарункова упаковка
2026-05-15 23:27:48 [JavaFX Application Thread] DEBUG org.example.gui.MainApp - Вибраний аксесуар: 🎀 Атласна стрічка
2026-05-15 23:27:50 [JavaFX Application Thread] DEBUG org.example.gui.MainApp - Вибраний аксесуар: 💌 Листівка
2026-05-15 23:28:56 [main] INFO  org.example.Main - ========== Запуск Flower Boutique ==========
2026-05-15 23:28:57 [JavaFX-Launcher] INFO  org.example.gui.MainApp - Ініціалізація додатку.
2026-05-15 23:28:57 [JavaFX-Launcher] DEBUG org.example.dao.DatabaseManager - Таблиця flowers перевірена/створена.
2026-05-15 23:28:57 [JavaFX-Launcher] INFO  org.example.dao.DatabaseManager - DatabaseManager ініціалізовано. БД: jdbc:sqlite:boutique.db
2026-05-15 23:28:57 [JavaFX-Launcher] DEBUG org.example.dao.DatabaseManager - Отримано 12 квітів з БД.
2026-05-15 23:28:57 [JavaFX Application Thread] INFO  org.example.gui.MainApp - Побудова головного вікна.
2026-05-15 23:28:57 [JavaFX Application Thread] DEBUG org.example.dao.DatabaseManager - Отримано 12 квітів з БД.
2026-05-15 23:28:58 [JavaFX Application Thread] INFO  org.example.gui.MainApp - Головне вікно відображено.
2026-05-15 23:58:25 [main] INFO  org.example.Main - ========== Запуск Flower Boutique ==========
2026-05-15 23:58:25 [JavaFX-Launcher] INFO  org.example.gui.MainApp - Ініціалізація додатку.
2026-05-15 23:58:26 [JavaFX-Launcher] DEBUG org.example.dao.DatabaseManager - Таблиця flowers перевірена/створена.
2026-05-15 23:58:26 [JavaFX-Launcher] INFO  org.example.dao.DatabaseManager - DatabaseManager ініціалізовано. БД: jdbc:sqlite:boutique.db
2026-05-15 23:58:26 [JavaFX-Launcher] DEBUG org.example.dao.DatabaseManager - Отримано 12 квітів з БД.
2026-05-15 23:58:26 [JavaFX Application Thread] INFO  org.example.gui.MainApp - Побудова головного вікна.
2026-05-15 23:58:26 [JavaFX Application Thread] DEBUG org.example.dao.DatabaseManager - Отримано 12 квітів з БД.
2026-05-15 23:58:27 [JavaFX Application Thread] INFO  org.example.gui.MainApp - Головне вікно відображено.
2026-05-15 23:58:36 [JavaFX Application Thread] INFO  org.example.dao.DatabaseManager - Склад 'Лілія': 11 шт.
2026-05-15 23:58:36 [JavaFX Application Thread] INFO  org.example.services.BouquetService - Додано 'Лілія' до букета. Залишок: 11 шт.
2026-05-15 23:58:40 [JavaFX Application Thread] INFO  org.example.dao.DatabaseManager - Склад 'Орхідея': 9 шт.
2026-05-15 23:58:40 [JavaFX Application Thread] INFO  org.example.services.BouquetService - Додано 'Орхідея' до букета. Залишок: 9 шт.
2026-05-15 23:58:41 [JavaFX Application Thread] DEBUG org.example.gui.MainApp - Вибрана квітка: Орхідея
2026-05-15 23:58:43 [JavaFX Application Thread] DEBUG org.example.gui.MainApp - Вибрана квітка: Лілія
2026-05-15 23:58:46 [JavaFX Application Thread] DEBUG org.example.gui.MainApp - Вибрана квітка: Орхідея
2026-05-15 23:58:46 [JavaFX Application Thread] DEBUG org.example.gui.MainApp - Вибрана квітка: Орхідея
2026-05-15 23:58:49 [JavaFX Application Thread] INFO  org.example.gui.MainApp - Аксесуар '💌 Листівка' додано до букета.
2026-05-15 23:58:51 [JavaFX Application Thread] DEBUG org.example.gui.MainApp - Вибраний аксесуар: 💌 Листівка
2026-05-15 23:58:53 [JavaFX Application Thread] INFO  org.example.gui.MainApp - Аксесуар '🎀 Атласна стрічка' додано до букета.
2026-05-15 23:58:56 [JavaFX Application Thread] DEBUG org.example.gui.MainApp - Вибраний аксесуар: 🎀 Атласна стрічка
2026-05-15 23:59:00 [JavaFX Application Thread] INFO  org.example.gui.MainApp - Аксесуар '📦 Подарункова упаковка' додано до букета.
2026-05-15 23:59:01 [JavaFX Application Thread] DEBUG org.example.gui.MainApp - Вибраний аксесуар: 📦 Подарункова упаковка
2026-05-15 23:59:01 [JavaFX Application Thread] DEBUG org.example.gui.MainApp - Вибраний аксесуар: 📦 Подарункова упаковка
2026-05-15 23:59:07 [JavaFX Application Thread] DEBUG org.example.gui.MainApp - Вибрана квітка: Лілія
2026-05-15 23:59:09 [JavaFX Application Thread] DEBUG org.example.gui.MainApp - Вибраний аксесуар: 📦 Подарункова упаковка
2026-05-15 23:59:11 [JavaFX Application Thread] DEBUG org.example.gui.MainApp - Вибрана квітка: Лілія
2026-05-15 23:59:13 [JavaFX Application Thread] INFO  org.example.dao.DatabaseManager - Склад 'Лілія': 12 шт.
2026-05-15 23:59:13 [JavaFX Application Thread] INFO  org.example.services.BouquetService - Видалено 'Лілія' з букета. Залишок: 12 шт.
2026-05-15 23:59:13 [JavaFX Application Thread] DEBUG org.example.gui.MainApp - Вибраний аксесуар: 🎀 Атласна стрічка
2026-05-15 23:59:15 [JavaFX Application Thread] DEBUG org.example.gui.MainApp - Вибрана квітка: Орхідея
2026-05-15 23:59:15 [JavaFX Application Thread] DEBUG org.example.gui.MainApp - Вибрана квітка: Орхідея
2026-05-15 23:59:16 [JavaFX Application Thread] INFO  org.example.dao.DatabaseManager - Склад 'Орхідея': 10 шт.
2026-05-15 23:59:16 [JavaFX Application Thread] INFO  org.example.services.BouquetService - Видалено 'Орхідея' з букета. Залишок: 10 шт.
2026-05-15 23:59:17 [JavaFX Application Thread] DEBUG org.example.gui.MainApp - Вибраний аксесуар: 💌 Листівка
